{'batch_size': 1,
 'checkpoint': './weight/mscoco.pth',
 'dataset': 'custom',
 'downsample': [4, 2, 1],
 'epsilon': 0.1,
 'gpuid': 0,
 'img1': '/home/mayank.mds2023/CV/MCNet/Photos-001/20250423_130011.jpg',
 'img2': '/home/mayank.mds2023/CV/MCNet/Photos-001/20250423_130015.jpg',
 'iter': [2, 2, 2],
 'log_dir': 'logs',
 'log_full_dir': 'logs/2025-05-02-12_28_04_custom_1115',
 'loss': 'speedup',
 'lr': 0.0004,
 'mode': 'test',
 'nolog': True,
 'note': '1115',
 'num_steps': 120000,
 'output_path': '/home/mayank.mds2023/CV/MCNet/output',
 'print_freq': 100,
 'seed': 512,
 'speed_threshold': 1,
 'val_freq': 10000}
Test with 1 image pairs
test with pretrained model
Prediction: tensor([[[  3.4298,   8.0851],
         [-33.8318, -27.1055],
         [-16.8604, -20.5145],
         [-14.2192,   6.1964]]], device='cuda:0')
Results saved to logs/2025-05-02-12_28_04_custom_1115
