{'batch_size': 1,
 'checkpoint': './weight/mscoco.pth',
 'custom_dataset_path': '/home/mayank.mds2023/CV/MCNet/Photos-002',
 'dataset': 'custom',
 'downsample': [4, 2, 1],
 'epsilon': 0.1,
 'gpuid': 0,
 'iter': [2, 2, 2],
 'log_dir': 'logs',
 'log_full_dir': 'logs/2025-04-02-14_45_51_custom_',
 'loss': 'speedup',
 'lr': 0.0004,
 'mode': 'test',
 'nolog': True,
 'note': '',
 'num_steps': 120000,
 'print_freq': 100,
 'seed': 512,
 'speed_threshold': 1,
 'val_freq': 10000}
Test with 1 image pairs
test with pretrained model
MACE Array for all test images:
[15.64875221]
mace:15.649
