{'batch_size': 1,
 'checkpoint': './weight/ggmap.pth',
 'dataset': 'custom',
 'downsample': [4, 2, 1],
 'epsilon': 0.1,
 'gpuid': 0,
 'img1': '/home/mayank.mds2023/CV/MCNet/Photos-001/20250423_130054.jpg',
 'img2': '/home/mayank.mds2023/CV/MCNet/Photos-001/20250423_130057.jpg',
 'iter': [2, 2, 2],
 'log_dir': 'logs',
 'log_full_dir': 'logs/2025-05-05-14_53_11_custom_5457ggmap',
 'loss': 'speedup',
 'lr': 0.0004,
 'mode': 'test',
 'nolog': True,
 'note': '5457ggmap',
 'num_steps': 120000,
 'output_path': '/home/mayank.mds2023/CV/MCNet/output',
 'print_freq': 100,
 'seed': 512,
 'speed_threshold': 1,
 'val_freq': 10000}
Test with 1 image pairs
test with pretrained model
Prediction: tensor([[[-31.7313, -11.4290],
         [ 13.6379,  -9.0478],
         [-16.2488,  -7.0194],
         [ -6.4960,   5.7914]]], device='cuda:0')
Results saved to logs/2025-05-05-14_53_11_custom_5457ggmap
