{'batch_size': 1,
 'checkpoint': './weight/mscoco.pth',
 'dataset': 'custom',
 'downsample': [4, 2, 1],
 'epsilon': 0.1,
 'gpuid': 0,
 'img1': 'Photos-001/20250429_123608.jpg',
 'img2': 'Photos-001/20250429_123612.jpg',
 'iter': [2, 2, 2],
 'log_dir': 'logs',
 'log_full_dir': 'logs/2025-05-05-15_05_07_custom_812',
 'loss': 'speedup',
 'lr': 0.0004,
 'mode': 'test',
 'nolog': True,
 'note': '812',
 'num_steps': 120000,
 'output_path': '/home/mayank.mds2023/CV/MCNet/output',
 'print_freq': 100,
 'seed': 512,
 'speed_threshold': 1,
 'val_freq': 10000}
Test with 1 image pairs
test with pretrained model
Prediction: tensor([[[ 17.8420, -21.3040],
         [ 14.3779,  -0.1449],
         [  9.1858,   3.5995],
         [-13.7954,  26.5269]]], device='cuda:0')
Results saved to logs/2025-05-05-15_05_07_custom_812
