{'batch_size': 1,
 'checkpoint': './weight/mscoco.pth',
 'dataset': 'custom',
 'downsample': [4, 2, 1],
 'epsilon': 0.1,
 'gpuid': 0,
 'img1': '/home/mayank.mds2023/CV/MCNet/Photos-002/20250408_103236.jpg',
 'img2': '/home/mayank.mds2023/CV/MCNet/Photos-002/20250408_103240.jpg',
 'iter': [2, 2, 2],
 'log_dir': 'logs',
 'log_full_dir': 'logs/2025-04-12-17_26_58_custom_236',
 'loss': 'speedup',
 'lr': 0.0004,
 'mode': 'test',
 'nolog': True,
 'note': '236',
 'num_steps': 120000,
 'output_path': '/home/mayank.mds2023/CV/MCNet/output',
 'print_freq': 100,
 'seed': 512,
 'speed_threshold': 1,
 'val_freq': 10000}
Test with 1 image pairs
test with pretrained model
Prediction: tensor([[[-16.2174,   0.8539],
         [-16.4442,   2.0652],
         [-16.0083,   3.0934],
         [-14.9641,  -0.2229]]], device='cuda:0')
Results saved to logs/2025-04-12-17_26_58_custom_236
