{'batch_size': 1,
 'checkpoint': './weight/mscoco.pth',
 'custom_dataset_path': '/home/mayank.mds2023/CV/MCNet/deep_homography_estimation/ms_coco_test_images',
 'dataset': 'custom',
 'downsample': [4, 2, 1],
 'epsilon': 0.1,
 'gpuid': 0,
 'iter': [2, 2, 2],
 'log_dir': 'logs',
 'log_full_dir': 'logs/2025-04-02-12_17_28_custom_',
 'loss': 'speedup',
 'lr': 0.0004,
 'mode': 'test',
 'nolog': True,
 'note': '',
 'num_steps': 120000,
 'print_freq': 100,
 'seed': 512,
 'speed_threshold': 1,
 'val_freq': 10000}
Test with 10 image pairs
test with pretrained model
MACE Array for all test images:
[0.00853357 0.00488751 0.01117106 0.0043323  0.02112964 0.01242247
 0.04990939 0.01543351 0.02599771 0.00632881]
mace:0.016
